e:\network project\gitrepo\graphics_abstraction\project1\x64\release\vc143.pdb
e:\network project\gitrepo\graphics_abstraction\project1\x64\release\glad.obj
e:\network project\gitrepo\graphics_abstraction\project1\x64\release\camera.obj
e:\network project\gitrepo\graphics_abstraction\project1\x64\release\shader.obj
e:\network project\gitrepo\graphics_abstraction\project1\x64\release\physicsobject.obj
e:\network project\gitrepo\graphics_abstraction\project1\x64\release\physicsengine.obj
e:\network project\gitrepo\graphics_abstraction\project1\x64\release\mesh.obj
e:\network project\gitrepo\graphics_abstraction\project1\x64\release\material.obj
e:\network project\gitrepo\graphics_abstraction\project1\x64\release\main.obj
e:\network project\gitrepo\graphics_abstraction\project1\x64\release\lightmanager.obj
e:\network project\gitrepo\graphics_abstraction\project1\x64\release\light.obj
e:\network project\gitrepo\graphics_abstraction\project1\x64\release\indexbuffer.obj
e:\network project\gitrepo\graphics_abstraction\project1\x64\release\graphicsrender.obj
e:\network project\gitrepo\graphics_abstraction\project1\x64\release\applicationrenderer.obj
e:\network project\gitrepo\graphics_abstraction\project1\x64\release\application.obj
e:\network project\gitrepo\graphics_abstraction\project1\x64\release\imgui_widgets.obj
e:\network project\gitrepo\graphics_abstraction\project1\x64\release\imgui_tables.obj
e:\network project\gitrepo\graphics_abstraction\project1\x64\release\imgui_impl_opengl3.obj
e:\network project\gitrepo\graphics_abstraction\project1\x64\release\imgui_impl_glfw.obj
e:\network project\gitrepo\graphics_abstraction\project1\x64\release\imgui_draw.obj
e:\network project\gitrepo\graphics_abstraction\project1\x64\release\imgui_demo.obj
e:\network project\gitrepo\graphics_abstraction\project1\x64\release\imgui.obj
e:\network project\gitrepo\graphics_abstraction\project1\x64\release\vertexbuffer.obj
e:\network project\gitrepo\graphics_abstraction\project1\x64\release\vertexarray.obj
e:\network project\gitrepo\graphics_abstraction\project1\x64\release\transform.obj
e:\network project\gitrepo\graphics_abstraction\project1\x64\release\textures.obj
e:\network project\gitrepo\graphics_abstraction\project1\x64\release\renderer.obj
e:\network project\gitrepo\graphics_abstraction\project1\x64\release\model.obj
e:\network project\gitrepo\graphics_abstraction\x64\release\graphics.exe
e:\network project\gitrepo\graphics_abstraction\project1\x64\release\graphics.ipdb
e:\network project\gitrepo\graphics_abstraction\x64\release\graphics.pdb
e:\network project\gitrepo\graphics_abstraction\project1\x64\release\graphics.iobj
f:\graphics_abstraction\project1\x64\release\application.obj
f:\graphics_abstraction\project1\x64\release\applicationrenderer.obj
f:\graphics_abstraction\project1\x64\release\camera.obj
f:\graphics_abstraction\project1\x64\release\glad.obj
f:\graphics_abstraction\project1\x64\release\graphicsrender.obj
f:\graphics_abstraction\project1\x64\release\imgui.obj
f:\graphics_abstraction\project1\x64\release\imgui_demo.obj
f:\graphics_abstraction\project1\x64\release\imgui_draw.obj
f:\graphics_abstraction\project1\x64\release\imgui_impl_glfw.obj
f:\graphics_abstraction\project1\x64\release\imgui_impl_opengl3.obj
f:\graphics_abstraction\project1\x64\release\imgui_tables.obj
f:\graphics_abstraction\project1\x64\release\imgui_widgets.obj
f:\graphics_abstraction\project1\x64\release\indexbuffer.obj
f:\graphics_abstraction\project1\x64\release\light.obj
f:\graphics_abstraction\project1\x64\release\lightmanager.obj
f:\graphics_abstraction\project1\x64\release\main.obj
f:\graphics_abstraction\project1\x64\release\material.obj
f:\graphics_abstraction\project1\x64\release\mesh.obj
f:\graphics_abstraction\project1\x64\release\model.obj
f:\graphics_abstraction\project1\x64\release\physicsengine.obj
f:\graphics_abstraction\project1\x64\release\physicsobject.obj
f:\graphics_abstraction\project1\x64\release\renderer.obj
f:\graphics_abstraction\project1\x64\release\shader.obj
f:\graphics_abstraction\project1\x64\release\textures.obj
f:\graphics_abstraction\project1\x64\release\transform.obj
f:\graphics_abstraction\project1\x64\release\vertexarray.obj
f:\graphics_abstraction\project1\x64\release\vertexbuffer.obj
f:\graphics_abstraction\project1\x64\release\graphics.ipdb
f:\graphics_abstraction\project1\x64\release\graphics.iobj
f:\graphics_abstraction\project1\x64\release\vc143.pdb
f:\graphics_abstraction\x64\release\graphics.pdb
f:\graphics_abstraction\x64\release\graphics.exe
f:\graphics_abstraction\project1\x64\release\graphics.tlog\cl.command.1.tlog
f:\graphics_abstraction\project1\x64\release\graphics.tlog\cl.items.tlog
f:\graphics_abstraction\project1\x64\release\graphics.tlog\cl.read.1.tlog
f:\graphics_abstraction\project1\x64\release\graphics.tlog\cl.write.1.tlog
f:\graphics_abstraction\project1\x64\release\graphics.tlog\link.command.1.tlog
f:\graphics_abstraction\project1\x64\release\graphics.tlog\link.read.1.tlog
f:\graphics_abstraction\project1\x64\release\graphics.tlog\link.write.1.tlog
