e:\network project\gitrepo\graphics_abstraction\project1\x64\debug\vc143.pdb
e:\network project\gitrepo\graphics_abstraction\project1\x64\debug\vc143.idb
e:\network project\gitrepo\graphics_abstraction\project1\x64\debug\glad.obj
e:\network project\gitrepo\graphics_abstraction\project1\x64\debug\physicsobject.obj
e:\network project\gitrepo\graphics_abstraction\project1\x64\debug\physicsengine.obj
e:\network project\gitrepo\graphics_abstraction\project1\x64\debug\mesh.obj
e:\network project\gitrepo\graphics_abstraction\project1\x64\debug\material.obj
e:\network project\gitrepo\graphics_abstraction\project1\x64\debug\main.obj
e:\network project\gitrepo\graphics_abstraction\project1\x64\debug\lightmanager.obj
e:\network project\gitrepo\graphics_abstraction\project1\x64\debug\light.obj
e:\network project\gitrepo\graphics_abstraction\project1\x64\debug\indexbuffer.obj
e:\network project\gitrepo\graphics_abstraction\project1\x64\debug\graphicsrender.obj
e:\network project\gitrepo\graphics_abstraction\project1\x64\debug\applicationrenderer.obj
e:\network project\gitrepo\graphics_abstraction\project1\x64\debug\application.obj
e:\network project\gitrepo\graphics_abstraction\project1\x64\debug\skybox.obj
e:\network project\gitrepo\graphics_abstraction\project1\x64\debug\loadmodelsexternal.obj
e:\network project\gitrepo\graphics_abstraction\project1\x64\debug\imgui_widgets.obj
e:\network project\gitrepo\graphics_abstraction\project1\x64\debug\imgui_tables.obj
e:\network project\gitrepo\graphics_abstraction\project1\x64\debug\imgui_impl_opengl3.obj
e:\network project\gitrepo\graphics_abstraction\project1\x64\debug\imgui_impl_glfw.obj
e:\network project\gitrepo\graphics_abstraction\project1\x64\debug\imgui_draw.obj
e:\network project\gitrepo\graphics_abstraction\project1\x64\debug\imgui_demo.obj
e:\network project\gitrepo\graphics_abstraction\project1\x64\debug\imgui.obj
e:\network project\gitrepo\graphics_abstraction\project1\x64\debug\vertexbuffer.obj
e:\network project\gitrepo\graphics_abstraction\project1\x64\debug\vertexarray.obj
e:\network project\gitrepo\graphics_abstraction\project1\x64\debug\transform.obj
e:\network project\gitrepo\graphics_abstraction\project1\x64\debug\textures.obj
e:\network project\gitrepo\graphics_abstraction\project1\x64\debug\renderer.obj
e:\network project\gitrepo\graphics_abstraction\project1\x64\debug\model.obj
e:\network project\gitrepo\graphics_abstraction\project1\x64\debug\camera.obj
e:\network project\gitrepo\graphics_abstraction\project1\x64\debug\shader.obj
e:\network project\gitrepo\graphics_abstraction\project1\x64\debug\cameramovement.obj
e:\network project\gitrepo\graphics_abstraction\x64\debug\graphics.exe
e:\network project\gitrepo\graphics_abstraction\project1\x64\debug\graphics.ilk
e:\network project\gitrepo\graphics_abstraction\x64\debug\graphics.pdb
e:\network project\gitrepo\graphics_abstraction\project1\x64\debug\graphics.tlog\cl.command.1.tlog
e:\network project\gitrepo\graphics_abstraction\project1\x64\debug\graphics.tlog\cl.items.tlog
e:\network project\gitrepo\graphics_abstraction\project1\x64\debug\graphics.tlog\cl.read.1.tlog
e:\network project\gitrepo\graphics_abstraction\project1\x64\debug\graphics.tlog\cl.write.1.tlog
e:\network project\gitrepo\graphics_abstraction\project1\x64\debug\graphics.tlog\link.command.1.tlog
e:\network project\gitrepo\graphics_abstraction\project1\x64\debug\graphics.tlog\link.read.1.tlog
e:\network project\gitrepo\graphics_abstraction\project1\x64\debug\graphics.tlog\link.write.1.tlog
